<?xml version="1.0" encoding="UTF-8"?>
<testng-results skipped="0" failed="0" ignored="0" total="1" passed="1">
  <reporter-output>
  </reporter-output>
  <suite name="Default suite" duration-ms="15018" started-at="2019-03-01T09:35:29Z" finished-at="2019-03-01T09:35:44Z">
    <groups>
    </groups>
    <test name="Default test" duration-ms="15018" started-at="2019-03-01T09:35:29Z" finished-at="2019-03-01T09:35:44Z">
      <class name="com.crm.qa.testcases.LoginPageTest">
        <test-method status="PASS" signature="setUp()[pri:0, instance:com.crm.qa.testcases.LoginPageTest@5e3a8624]" name="setUp" is-config="true" duration-ms="3988" started-at="2019-03-01T15:05:29Z" finished-at="2019-03-01T15:05:33Z">
          <reporter-output>
          </reporter-output>
        </test-method> <!-- setUp -->
        <test-method status="PASS" signature="TCEloginTest()[pri:1, instance:com.crm.qa.testcases.LoginPageTest@5e3a8624]" name="TCEloginTest" duration-ms="11004" started-at="2019-03-01T15:05:33Z" finished-at="2019-03-01T15:05:44Z">
          <reporter-output>
          </reporter-output>
        </test-method> <!-- TCEloginTest -->
      </class> <!-- com.crm.qa.testcases.LoginPageTest -->
    </test> <!-- Default test -->
  </suite> <!-- Default suite -->
</testng-results>
